\BOOKMARK [2][-]{subsection.0.1}{\376\377\000B\000e\000r\000n\000o\000u\000l\000l\000i}{}% 1
\BOOKMARK [2][-]{subsection.0.2}{\376\377\000B\000i\000n\000o\000m\000i\000a\000l}{}% 2
\BOOKMARK [2][-]{subsection.0.3}{\376\377\000P\000o\000i\000s\000s\000o\000n}{}% 3
\BOOKMARK [2][-]{subsection.0.4}{\376\377\000H\000y\000p\000e\000r\000g\000e\000o\000m\000e\000t\000r\000i\000c}{}% 4
\BOOKMARK [2][-]{subsection.0.5}{\376\377\000C\000o\000n\000t\000i\000n\000u\000o\000s\000\040\000U\000n\000i\000f\000o\000r\000m}{}% 5
\BOOKMARK [2][-]{subsection.0.6}{\376\377\000N\000o\000r\000m\000a\000l}{}% 6
\BOOKMARK [2][-]{subsection.0.7}{\376\377\000E\000x\000p\000o\000n\000e\000n\000t\000i\000a\000l}{}% 7
\BOOKMARK [2][-]{subsection.0.8}{\376\377\000C\000a\000u\000c\000h\000y}{}% 8
\BOOKMARK [1][-]{section.1}{\376\377\000S\000a\000m\000p\000l\000e\000\040\000a\000n\000d\000\040\000s\000a\000m\000p\000l\000e\000\040\000c\000h\000a\000r\000a\000c\000t\000e\000r\000i\000s\000t\000i\000c\000s}{}% 9
\BOOKMARK [2][-]{subsection.1.1}{\376\377\000S\000a\000m\000p\000l\000e}{section.1}% 10
\BOOKMARK [2][-]{subsection.1.2}{\376\377\000V\000a\000r\000i\000a\000t\000i\000o\000n\000\040\000s\000e\000r\000i\000e\000s\000\040\000o\000f\000\040\000t\000h\000e\000\040\000s\000a\000m\000p\000l\000e}{section.1}% 11
\BOOKMARK [2][-]{subsection.1.3}{\376\377\000E\000m\000p\000i\000r\000i\000c\000a\000l\000\040\000d\000i\000s\000t\000r\000i\000b\000u\000t\000i\000o\000n\000\040\000f\000u\000n\000c\000t\000i\000o\000n}{section.1}% 12
\BOOKMARK [2][-]{subsection.1.4}{\376\377\000H\000y\000s\000t\000o\000g\000r\000a\000m\000\040\000a\000n\000d\000\040\000f\000r\000e\000q\000u\000e\000n\000c\000y\000\040\000r\000a\000n\000g\000e}{section.1}% 13
\BOOKMARK [2][-]{subsection.1.5}{\376\377\000S\000a\000m\000p\000l\000e\000\040\000m\000e\000a\000n}{section.1}% 14
\BOOKMARK [2][-]{subsection.1.6}{\376\377\000S\000a\000m\000p\000l\000e\000\040\000v\000a\000r\000i\000a\000n\000c\000e}{section.1}% 15
\BOOKMARK [1][-]{section.2}{\376\377\000L\000e\000c\000t\000i\000o\000n\000\040\0002\000.\000\040\000P\000o\000i\000n\000t\000\040\000e\000x\000t\000i\000m\000a\000t\000e\000s\000\040\000a\000n\000d\000\040\000t\000h\000e\000i\000r\000\040\000p\000r\000o\000p\000e\000r\000t\000i\000e\000s}{}% 16
\BOOKMARK [2][-]{subsection.2.1}{\376\377\000R\000o\000o\000t\000\040\000m\000e\000a\000n\000\040\000s\000q\000u\000a\000r\000e\000\040\000a\000p\000p\000r\000o\000a\000c\000h\000\040\000t\000o\000\040\000c\000o\000m\000p\000a\000r\000i\000n\000g\000\040\000e\000s\000t\000i\000m\000a\000t\000e\000s}{section.2}% 17
\BOOKMARK [2][-]{subsection.2.2}{\376\377\000S\000a\000m\000p\000l\000e\000\040\000c\000o\000n\000t\000r\000i\000b\000u\000t\000i\000o\000n\000\040\000a\000n\000d\000\040\000F\000i\000s\000h\000e\000r\000\040\000i\000n\000f\000o\000r\000m\000a\000t\000i\000o\000n\000\040\000q\000u\000a\000n\000t\000i\000t\000y}{section.2}% 18
\BOOKMARK [2][-]{subsection.2.3}{\376\377\000C\000r\000a\000m\000\351\000r\040\023\000R\000a\000o\000\040\000b\000o\000u\000n\000d}{section.2}% 19
\BOOKMARK [1][-]{section.3}{\376\377\000L\000e\000c\000t\000u\000r\000e\000\040\0003\000.\000\040\000E\000x\000p\000o\000n\000e\000n\000t\000i\000a\000l\000\040\000m\000o\000d\000e\000l\000.\000\040\000M\000e\000t\000h\000o\000d\000s\000\040\000o\000f\000\040\000p\000o\000i\000n\000t\000\040\000e\000v\000a\000l\000u\000a\000t\000i\000o\000n\000\040\000c\000o\000n\000t\000r\000u\000c\000t\000i\000o\000n}{}% 20
\BOOKMARK [2][-]{subsection.3.1}{\376\377\000E\000x\000p\000o\000n\000e\000n\000t\000i\000a\000l\000\040\000m\000o\000d\000e\000l}{section.3}% 21
